{"C:\\Users\\Qwinix\\Documents\\arun-alexa-skill\\lambda\\custom\\index.js": {"path":"C:\\Users\\Qwinix\\Documents\\arun-alexa-skill\\lambda\\custom\\index.js","statementMap":{"0":{"start":{"line":6,"column":14},"end":{"line":6,"column":37}},"1":{"start":{"line":8,"column":13},"end":{"line":8,"column":31}},"2":{"start":{"line":10,"column":24},"end":{"line":10,"column":52}},"3":{"start":{"line":12,"column":29},"end":{"line":24,"column":1}},"4":{"start":{"line":14,"column":8},"end":{"line":14,"column":86}},"5":{"start":{"line":17,"column":28},"end":{"line":17,"column":57}},"6":{"start":{"line":19,"column":8},"end":{"line":22,"column":27}},"7":{"start":{"line":26,"column":32},"end":{"line":39,"column":1}},"8":{"start":{"line":28,"column":8},"end":{"line":29,"column":88}},"9":{"start":{"line":32,"column":28},"end":{"line":32,"column":55}},"10":{"start":{"line":34,"column":8},"end":{"line":37,"column":27}},"11":{"start":{"line":40,"column":30},"end":{"line":55,"column":1}},"12":{"start":{"line":42,"column":8},"end":{"line":43,"column":80}},"13":{"start":{"line":46,"column":8},"end":{"line":46,"column":81}},"14":{"start":{"line":47,"column":21},"end":{"line":47,"column":81}},"15":{"start":{"line":49,"column":28},"end":{"line":49,"column":74}},"16":{"start":{"line":50,"column":8},"end":{"line":53,"column":27}},"17":{"start":{"line":56,"column":37},"end":{"line":73,"column":1}},"18":{"start":{"line":59,"column":8},"end":{"line":60,"column":86}},"19":{"start":{"line":63,"column":8},"end":{"line":63,"column":70}},"20":{"start":{"line":64,"column":21},"end":{"line":64,"column":81}},"21":{"start":{"line":65,"column":22},"end":{"line":65,"column":83}},"22":{"start":{"line":66,"column":20},"end":{"line":66,"column":79}},"23":{"start":{"line":67,"column":28},"end":{"line":67,"column":97}},"24":{"start":{"line":68,"column":8},"end":{"line":71,"column":27}},"25":{"start":{"line":74,"column":37},"end":{"line":97,"column":1}},"26":{"start":{"line":76,"column":8},"end":{"line":76,"column":92}},"27":{"start":{"line":79,"column":28},"end":{"line":79,"column":95}},"28":{"start":{"line":80,"column":29},"end":{"line":80,"column":97}},"29":{"start":{"line":84,"column":8},"end":{"line":89,"column":9}},"30":{"start":{"line":85,"column":12},"end":{"line":85,"column":71}},"31":{"start":{"line":88,"column":12},"end":{"line":88,"column":71}},"32":{"start":{"line":92,"column":8},"end":{"line":95,"column":27}},"33":{"start":{"line":98,"column":26},"end":{"line":112,"column":1}},"34":{"start":{"line":100,"column":8},"end":{"line":101,"column":89}},"35":{"start":{"line":105,"column":28},"end":{"line":105,"column":54}},"36":{"start":{"line":107,"column":8},"end":{"line":110,"column":27}},"37":{"start":{"line":114,"column":35},"end":{"line":127,"column":1}},"38":{"start":{"line":116,"column":8},"end":{"line":118,"column":94}},"39":{"start":{"line":121,"column":28},"end":{"line":121,"column":57}},"40":{"start":{"line":123,"column":8},"end":{"line":125,"column":27}},"41":{"start":{"line":133,"column":30},"end":{"line":146,"column":1}},"42":{"start":{"line":135,"column":8},"end":{"line":136,"column":93}},"43":{"start":{"line":139,"column":28},"end":{"line":139,"column":58}},"44":{"start":{"line":141,"column":8},"end":{"line":144,"column":27}},"45":{"start":{"line":152,"column":35},"end":{"line":161,"column":1}},"46":{"start":{"line":154,"column":8},"end":{"line":154,"column":92}},"47":{"start":{"line":157,"column":8},"end":{"line":157,"column":91}},"48":{"start":{"line":159,"column":8},"end":{"line":159,"column":58}},"49":{"start":{"line":167,"column":31},"end":{"line":180,"column":1}},"50":{"start":{"line":169,"column":8},"end":{"line":169,"column":86}},"51":{"start":{"line":172,"column":27},"end":{"line":172,"column":76}},"52":{"start":{"line":173,"column":28},"end":{"line":173,"column":87}},"53":{"start":{"line":175,"column":8},"end":{"line":178,"column":27}},"54":{"start":{"line":186,"column":21},"end":{"line":199,"column":1}},"55":{"start":{"line":188,"column":8},"end":{"line":188,"column":20}},"56":{"start":{"line":191,"column":28},"end":{"line":191,"column":55}},"57":{"start":{"line":194,"column":8},"end":{"line":197,"column":27}},"58":{"start":{"line":202,"column":39},"end":{"line":211,"column":1}},"59":{"start":{"line":204,"column":8},"end":{"line":209,"column":11}},"60":{"start":{"line":208,"column":12},"end":{"line":208,"column":53}},"61":{"start":{"line":208,"column":42},"end":{"line":208,"column":52}},"62":{"start":{"line":217,"column":0},"end":{"line":234,"column":14}}},"fnMap":{"0":{"name":"(anonymous_0)","decl":{"start":{"line":13,"column":4},"end":{"line":13,"column":5}},"loc":{"start":{"line":13,"column":28},"end":{"line":15,"column":5}},"line":13},"1":{"name":"(anonymous_1)","decl":{"start":{"line":16,"column":4},"end":{"line":16,"column":5}},"loc":{"start":{"line":16,"column":25},"end":{"line":23,"column":5}},"line":16},"2":{"name":"(anonymous_2)","decl":{"start":{"line":27,"column":4},"end":{"line":27,"column":5}},"loc":{"start":{"line":27,"column":28},"end":{"line":30,"column":5}},"line":27},"3":{"name":"(anonymous_3)","decl":{"start":{"line":31,"column":4},"end":{"line":31,"column":5}},"loc":{"start":{"line":31,"column":25},"end":{"line":38,"column":5}},"line":31},"4":{"name":"(anonymous_4)","decl":{"start":{"line":41,"column":4},"end":{"line":41,"column":5}},"loc":{"start":{"line":41,"column":28},"end":{"line":44,"column":5}},"line":41},"5":{"name":"(anonymous_5)","decl":{"start":{"line":45,"column":4},"end":{"line":45,"column":5}},"loc":{"start":{"line":45,"column":25},"end":{"line":54,"column":5}},"line":45},"6":{"name":"(anonymous_6)","decl":{"start":{"line":58,"column":4},"end":{"line":58,"column":5}},"loc":{"start":{"line":58,"column":28},"end":{"line":61,"column":5}},"line":58},"7":{"name":"(anonymous_7)","decl":{"start":{"line":62,"column":4},"end":{"line":62,"column":5}},"loc":{"start":{"line":62,"column":25},"end":{"line":72,"column":5}},"line":62},"8":{"name":"(anonymous_8)","decl":{"start":{"line":75,"column":4},"end":{"line":75,"column":5}},"loc":{"start":{"line":75,"column":28},"end":{"line":77,"column":5}},"line":75},"9":{"name":"(anonymous_9)","decl":{"start":{"line":78,"column":4},"end":{"line":78,"column":5}},"loc":{"start":{"line":78,"column":25},"end":{"line":96,"column":5}},"line":78},"10":{"name":"(anonymous_10)","decl":{"start":{"line":99,"column":4},"end":{"line":99,"column":5}},"loc":{"start":{"line":99,"column":28},"end":{"line":102,"column":5}},"line":99},"11":{"name":"(anonymous_11)","decl":{"start":{"line":103,"column":4},"end":{"line":103,"column":5}},"loc":{"start":{"line":103,"column":25},"end":{"line":111,"column":5}},"line":103},"12":{"name":"(anonymous_12)","decl":{"start":{"line":115,"column":4},"end":{"line":115,"column":5}},"loc":{"start":{"line":115,"column":28},"end":{"line":119,"column":5}},"line":115},"13":{"name":"(anonymous_13)","decl":{"start":{"line":120,"column":4},"end":{"line":120,"column":5}},"loc":{"start":{"line":120,"column":25},"end":{"line":126,"column":5}},"line":120},"14":{"name":"(anonymous_14)","decl":{"start":{"line":134,"column":4},"end":{"line":134,"column":5}},"loc":{"start":{"line":134,"column":28},"end":{"line":137,"column":5}},"line":134},"15":{"name":"(anonymous_15)","decl":{"start":{"line":138,"column":4},"end":{"line":138,"column":5}},"loc":{"start":{"line":138,"column":25},"end":{"line":145,"column":5}},"line":138},"16":{"name":"(anonymous_16)","decl":{"start":{"line":153,"column":4},"end":{"line":153,"column":5}},"loc":{"start":{"line":153,"column":28},"end":{"line":155,"column":5}},"line":153},"17":{"name":"(anonymous_17)","decl":{"start":{"line":156,"column":4},"end":{"line":156,"column":5}},"loc":{"start":{"line":156,"column":25},"end":{"line":160,"column":5}},"line":156},"18":{"name":"(anonymous_18)","decl":{"start":{"line":168,"column":4},"end":{"line":168,"column":5}},"loc":{"start":{"line":168,"column":28},"end":{"line":170,"column":5}},"line":168},"19":{"name":"(anonymous_19)","decl":{"start":{"line":171,"column":4},"end":{"line":171,"column":5}},"loc":{"start":{"line":171,"column":25},"end":{"line":179,"column":5}},"line":171},"20":{"name":"(anonymous_20)","decl":{"start":{"line":187,"column":4},"end":{"line":187,"column":5}},"loc":{"start":{"line":187,"column":16},"end":{"line":189,"column":5}},"line":187},"21":{"name":"(anonymous_21)","decl":{"start":{"line":190,"column":4},"end":{"line":190,"column":5}},"loc":{"start":{"line":190,"column":32},"end":{"line":198,"column":5}},"line":190},"22":{"name":"(anonymous_22)","decl":{"start":{"line":203,"column":4},"end":{"line":203,"column":5}},"loc":{"start":{"line":203,"column":26},"end":{"line":210,"column":5}},"line":203},"23":{"name":"(anonymous_23)","decl":{"start":{"line":207,"column":16},"end":{"line":207,"column":17}},"loc":{"start":{"line":207,"column":23},"end":{"line":209,"column":9}},"line":207},"24":{"name":"(anonymous_24)","decl":{"start":{"line":208,"column":29},"end":{"line":208,"column":30}},"loc":{"start":{"line":208,"column":42},"end":{"line":208,"column":52}},"line":208}},"branchMap":{"0":{"loc":{"start":{"line":28,"column":15},"end":{"line":29,"column":87}},"type":"binary-expr","locations":[{"start":{"line":28,"column":15},"end":{"line":28,"column":85}},{"start":{"line":29,"column":15},"end":{"line":29,"column":87}}],"line":28},"1":{"loc":{"start":{"line":42,"column":15},"end":{"line":43,"column":79}},"type":"binary-expr","locations":[{"start":{"line":42,"column":15},"end":{"line":42,"column":85}},{"start":{"line":43,"column":9},"end":{"line":43,"column":79}}],"line":42},"2":{"loc":{"start":{"line":59,"column":15},"end":{"line":60,"column":85}},"type":"binary-expr","locations":[{"start":{"line":59,"column":15},"end":{"line":59,"column":85}},{"start":{"line":60,"column":9},"end":{"line":60,"column":85}}],"line":59},"3":{"loc":{"start":{"line":84,"column":8},"end":{"line":89,"column":9}},"type":"if","locations":[{"start":{"line":84,"column":8},"end":{"line":89,"column":9}},{"start":{"line":84,"column":8},"end":{"line":89,"column":9}}],"line":84},"4":{"loc":{"start":{"line":100,"column":15},"end":{"line":101,"column":88}},"type":"binary-expr","locations":[{"start":{"line":100,"column":15},"end":{"line":100,"column":85}},{"start":{"line":101,"column":15},"end":{"line":101,"column":88}}],"line":100},"5":{"loc":{"start":{"line":116,"column":15},"end":{"line":118,"column":93}},"type":"binary-expr","locations":[{"start":{"line":116,"column":15},"end":{"line":116,"column":85}},{"start":{"line":117,"column":16},"end":{"line":117,"column":91}},{"start":{"line":118,"column":19},"end":{"line":118,"column":92}}],"line":116},"6":{"loc":{"start":{"line":135,"column":15},"end":{"line":136,"column":92}},"type":"binary-expr","locations":[{"start":{"line":135,"column":15},"end":{"line":135,"column":85}},{"start":{"line":136,"column":15},"end":{"line":136,"column":92}}],"line":135}},"s":{"0":1,"1":1,"2":1,"3":1,"4":4,"5":1,"6":1,"7":1,"8":0,"9":0,"10":0,"11":1,"12":3,"13":1,"14":1,"15":1,"16":1,"17":1,"18":2,"19":1,"20":1,"21":1,"22":1,"23":1,"24":1,"25":1,"26":1,"27":1,"28":1,"29":1,"30":0,"31":1,"32":1,"33":1,"34":0,"35":0,"36":0,"37":1,"38":0,"39":0,"40":0,"41":1,"42":0,"43":0,"44":0,"45":1,"46":0,"47":0,"48":0,"49":1,"50":0,"51":0,"52":0,"53":0,"54":1,"55":0,"56":0,"57":0,"58":1,"59":4,"60":4,"61":1,"62":1},"f":{"0":4,"1":1,"2":0,"3":0,"4":3,"5":1,"6":2,"7":1,"8":1,"9":1,"10":0,"11":0,"12":0,"13":0,"14":0,"15":0,"16":0,"17":0,"18":0,"19":0,"20":0,"21":0,"22":4,"23":4,"24":1},"b":{"0":[0,0],"1":[3,3],"2":[2,2],"3":[0,1],"4":[0,0],"5":[0,0,0],"6":[0,0]},"_coverageSchema":"43e27e138ebf9cfc5966b082cf9a028302ed4184","hash":"f22e2701d9e05c2d24c019e8d2bcfa86e299be26"}
,"C:\\Users\\Qwinix\\Documents\\arun-alexa-skill\\lambda\\custom\\languageStrings.js": {"path":"C:\\Users\\Qwinix\\Documents\\arun-alexa-skill\\lambda\\custom\\languageStrings.js","statementMap":{"0":{"start":{"line":8,"column":0},"end":{"line":22,"column":1}}},"fnMap":{},"branchMap":{},"s":{"0":1},"f":{},"b":{},"_coverageSchema":"43e27e138ebf9cfc5966b082cf9a028302ed4184","hash":"c83610baf7388f786d0dcf39045081174067752a"}
,"C:\\Users\\Qwinix\\Documents\\arun-alexa-skill\\lambda\\custom\\local-debugger.js": {"path":"C:\\Users\\Qwinix\\Documents\\arun-alexa-skill\\lambda\\custom\\local-debugger.js","statementMap":{"0":{"start":{"line":14,"column":12},"end":{"line":14,"column":26}},"1":{"start":{"line":15,"column":11},"end":{"line":15,"column":24}},"2":{"start":{"line":17,"column":22},"end":{"line":17,"column":40}},"3":{"start":{"line":19,"column":28},"end":{"line":19,"column":34}},"4":{"start":{"line":20,"column":26},"end":{"line":20,"column":36}},"5":{"start":{"line":21,"column":27},"end":{"line":21,"column":36}},"6":{"start":{"line":22,"column":13},"end":{"line":22,"column":24}},"7":{"start":{"line":23,"column":20},"end":{"line":23,"column":21}},"8":{"start":{"line":31,"column":21},"end":{"line":31,"column":62}},"9":{"start":{"line":32,"column":19},"end":{"line":32,"column":45}},"10":{"start":{"line":33,"column":26},"end":{"line":33,"column":48}},"11":{"start":{"line":39,"column":0},"end":{"line":41,"column":3}},"12":{"start":{"line":40,"column":4},"end":{"line":40,"column":77}},"13":{"start":{"line":52,"column":0},"end":{"line":63,"column":3}},"14":{"start":{"line":53,"column":4},"end":{"line":53,"column":81}},"15":{"start":{"line":54,"column":4},"end":{"line":62,"column":7}},"16":{"start":{"line":55,"column":21},"end":{"line":55,"column":79}},"17":{"start":{"line":56,"column":8},"end":{"line":56,"column":65}},"18":{"start":{"line":57,"column":8},"end":{"line":61,"column":11}},"19":{"start":{"line":58,"column":12},"end":{"line":58,"column":48}},"20":{"start":{"line":59,"column":12},"end":{"line":59,"column":58}},"21":{"start":{"line":60,"column":12},"end":{"line":60,"column":197}},"22":{"start":{"line":71,"column":31},"end":{"line":71,"column":77}},"23":{"start":{"line":72,"column":4},"end":{"line":74,"column":5}},"24":{"start":{"line":73,"column":8},"end":{"line":73,"column":85}},"25":{"start":{"line":75,"column":4},"end":{"line":77,"column":5}},"26":{"start":{"line":76,"column":8},"end":{"line":76,"column":125}},"27":{"start":{"line":78,"column":4},"end":{"line":81,"column":5}},"28":{"start":{"line":79,"column":8},"end":{"line":80,"column":67}},"29":{"start":{"line":82,"column":4},"end":{"line":82,"column":30}},"30":{"start":{"line":91,"column":4},"end":{"line":91,"column":60}},"31":{"start":{"line":101,"column":29},"end":{"line":101,"column":58}},"32":{"start":{"line":102,"column":4},"end":{"line":104,"column":5}},"33":{"start":{"line":103,"column":8},"end":{"line":103,"column":63}},"34":{"start":{"line":105,"column":4},"end":{"line":105,"column":28}},"35":{"start":{"line":115,"column":18},"end":{"line":115,"column":59}},"36":{"start":{"line":116,"column":4},"end":{"line":122,"column":5}},"37":{"start":{"line":117,"column":8},"end":{"line":121,"column":9}},"38":{"start":{"line":118,"column":12},"end":{"line":118,"column":81}},"39":{"start":{"line":120,"column":12},"end":{"line":120,"column":32}},"40":{"start":{"line":123,"column":4},"end":{"line":123,"column":35}}},"fnMap":{"0":{"name":"(anonymous_0)","decl":{"start":{"line":39,"column":39},"end":{"line":39,"column":40}},"loc":{"start":{"line":39,"column":45},"end":{"line":41,"column":1}},"line":39},"1":{"name":"(anonymous_1)","decl":{"start":{"line":52,"column":31},"end":{"line":52,"column":32}},"loc":{"start":{"line":52,"column":43},"end":{"line":63,"column":1}},"line":52},"2":{"name":"(anonymous_2)","decl":{"start":{"line":54,"column":22},"end":{"line":54,"column":23}},"loc":{"start":{"line":54,"column":32},"end":{"line":62,"column":5}},"line":54},"3":{"name":"(anonymous_3)","decl":{"start":{"line":57,"column":52},"end":{"line":57,"column":53}},"loc":{"start":{"line":57,"column":78},"end":{"line":61,"column":9}},"line":57},"4":{"name":"getAndValidatePortNumber","decl":{"start":{"line":70,"column":9},"end":{"line":70,"column":33}},"loc":{"start":{"line":70,"column":36},"end":{"line":83,"column":1}},"line":70},"5":{"name":"getLambdaHandlerName","decl":{"start":{"line":90,"column":9},"end":{"line":90,"column":29}},"loc":{"start":{"line":90,"column":32},"end":{"line":92,"column":1}},"line":90},"6":{"name":"getAndValidateSkillInvokerFile","decl":{"start":{"line":100,"column":9},"end":{"line":100,"column":39}},"loc":{"start":{"line":100,"column":42},"end":{"line":106,"column":1}},"line":100},"7":{"name":"getArgument","decl":{"start":{"line":114,"column":9},"end":{"line":114,"column":20}},"loc":{"start":{"line":114,"column":49},"end":{"line":124,"column":1}},"line":114}},"branchMap":{"0":{"loc":{"start":{"line":72,"column":4},"end":{"line":74,"column":5}},"type":"if","locations":[{"start":{"line":72,"column":4},"end":{"line":74,"column":5}},{"start":{"line":72,"column":4},"end":{"line":74,"column":5}}],"line":72},"1":{"loc":{"start":{"line":75,"column":4},"end":{"line":77,"column":5}},"type":"if","locations":[{"start":{"line":75,"column":4},"end":{"line":77,"column":5}},{"start":{"line":75,"column":4},"end":{"line":77,"column":5}}],"line":75},"2":{"loc":{"start":{"line":75,"column":8},"end":{"line":75,"column":60}},"type":"binary-expr","locations":[{"start":{"line":75,"column":8},"end":{"line":75,"column":30}},{"start":{"line":75,"column":34},"end":{"line":75,"column":60}}],"line":75},"3":{"loc":{"start":{"line":78,"column":4},"end":{"line":81,"column":5}},"type":"if","locations":[{"start":{"line":78,"column":4},"end":{"line":81,"column":5}},{"start":{"line":78,"column":4},"end":{"line":81,"column":5}}],"line":78},"4":{"loc":{"start":{"line":102,"column":4},"end":{"line":104,"column":5}},"type":"if","locations":[{"start":{"line":102,"column":4},"end":{"line":104,"column":5}},{"start":{"line":102,"column":4},"end":{"line":104,"column":5}}],"line":102},"5":{"loc":{"start":{"line":116,"column":4},"end":{"line":122,"column":5}},"type":"if","locations":[{"start":{"line":116,"column":4},"end":{"line":122,"column":5}},{"start":{"line":116,"column":4},"end":{"line":122,"column":5}}],"line":116},"6":{"loc":{"start":{"line":116,"column":8},"end":{"line":116,"column":70}},"type":"binary-expr","locations":[{"start":{"line":116,"column":8},"end":{"line":116,"column":20}},{"start":{"line":116,"column":24},"end":{"line":116,"column":70}}],"line":116},"7":{"loc":{"start":{"line":117,"column":8},"end":{"line":121,"column":9}},"type":"if","locations":[{"start":{"line":117,"column":8},"end":{"line":121,"column":9}},{"start":{"line":117,"column":8},"end":{"line":121,"column":9}}],"line":117}},"s":{"0":0,"1":0,"2":0,"3":0,"4":0,"5":0,"6":0,"7":0,"8":0,"9":0,"10":0,"11":0,"12":0,"13":0,"14":0,"15":0,"16":0,"17":0,"18":0,"19":0,"20":0,"21":0,"22":0,"23":0,"24":0,"25":0,"26":0,"27":0,"28":0,"29":0,"30":0,"31":0,"32":0,"33":0,"34":0,"35":0,"36":0,"37":0,"38":0,"39":0,"40":0},"f":{"0":0,"1":0,"2":0,"3":0,"4":0,"5":0,"6":0,"7":0},"b":{"0":[0,0],"1":[0,0],"2":[0,0],"3":[0,0],"4":[0,0],"5":[0,0],"6":[0,0],"7":[0,0]},"hash":"49a39da0fbc5401f1cb817e466b8439cc35a7600"}
,"C:\\Users\\Qwinix\\Documents\\arun-alexa-skill\\lambda\\custom\\util.js": {"path":"C:\\Users\\Qwinix\\Documents\\arun-alexa-skill\\lambda\\custom\\util.js","statementMap":{"0":{"start":{"line":1,"column":12},"end":{"line":1,"column":30}},"1":{"start":{"line":3,"column":22},"end":{"line":5,"column":2}},"2":{"start":{"line":7,"column":0},"end":{"line":18,"column":1}},"3":{"start":{"line":9,"column":23},"end":{"line":9,"column":56}},"4":{"start":{"line":10,"column":27},"end":{"line":14,"column":6}},"5":{"start":{"line":15,"column":4},"end":{"line":15,"column":77}},"6":{"start":{"line":16,"column":4},"end":{"line":16,"column":26}}},"fnMap":{"0":{"name":"getS3PreSignedUrl","decl":{"start":{"line":7,"column":44},"end":{"line":7,"column":61}},"loc":{"start":{"line":7,"column":75},"end":{"line":18,"column":1}},"line":7}},"branchMap":{},"s":{"0":0,"1":0,"2":0,"3":0,"4":0,"5":0,"6":0},"f":{"0":0},"b":{},"hash":"8fe64d65561c89172cb667ed91d1716cd8ff7365"}
}
