TN:
SF:C:\Users\Qwinix\Documents\arun-alexa-skill\lambda\custom\index.js
FN:13,(anonymous_0)
FN:16,(anonymous_1)
FN:27,(anonymous_2)
FN:31,(anonymous_3)
FN:41,(anonymous_4)
FN:45,(anonymous_5)
FN:58,(anonymous_6)
FN:62,(anonymous_7)
FN:75,(anonymous_8)
FN:78,(anonymous_9)
FN:96,(anonymous_10)
FN:100,(anonymous_11)
FN:112,(anonymous_12)
FN:117,(anonymous_13)
FN:131,(anonymous_14)
FN:135,(anonymous_15)
FN:150,(anonymous_16)
FN:153,(anonymous_17)
FN:165,(anonymous_18)
FN:168,(anonymous_19)
FN:184,(anonymous_20)
FN:187,(anonymous_21)
FN:200,(anonymous_22)
FN:204,(anonymous_23)
FN:205,(anonymous_24)
FNF:25
FNH:11
FNDA:4,(anonymous_0)
FNDA:1,(anonymous_1)
FNDA:0,(anonymous_2)
FNDA:0,(anonymous_3)
FNDA:3,(anonymous_4)
FNDA:1,(anonymous_5)
FNDA:2,(anonymous_6)
FNDA:1,(anonymous_7)
FNDA:1,(anonymous_8)
FNDA:1,(anonymous_9)
FNDA:0,(anonymous_10)
FNDA:0,(anonymous_11)
FNDA:0,(anonymous_12)
FNDA:0,(anonymous_13)
FNDA:0,(anonymous_14)
FNDA:0,(anonymous_15)
FNDA:0,(anonymous_16)
FNDA:0,(anonymous_17)
FNDA:0,(anonymous_18)
FNDA:0,(anonymous_19)
FNDA:0,(anonymous_20)
FNDA:0,(anonymous_21)
FNDA:4,(anonymous_22)
FNDA:4,(anonymous_23)
FNDA:1,(anonymous_24)
DA:6,1
DA:8,1
DA:10,1
DA:12,1
DA:14,4
DA:17,1
DA:19,1
DA:26,1
DA:28,0
DA:32,0
DA:34,0
DA:40,1
DA:42,3
DA:46,1
DA:47,1
DA:49,1
DA:50,1
DA:56,1
DA:59,2
DA:63,1
DA:64,1
DA:65,1
DA:66,1
DA:67,1
DA:68,1
DA:74,1
DA:76,1
DA:79,1
DA:81,1
DA:82,1
DA:83,1
DA:84,1
DA:87,0
DA:89,1
DA:90,1
DA:95,1
DA:97,0
DA:102,0
DA:104,0
DA:111,1
DA:113,0
DA:118,0
DA:120,0
DA:130,1
DA:132,0
DA:136,0
DA:138,0
DA:149,1
DA:151,0
DA:154,0
DA:156,0
DA:164,1
DA:166,0
DA:169,0
DA:170,0
DA:172,0
DA:183,1
DA:185,0
DA:188,0
DA:191,0
DA:199,1
DA:201,4
DA:205,4
DA:214,1
LF:64
LH:41
BRDA:28,0,0,0
BRDA:28,0,1,0
BRDA:42,1,0,3
BRDA:42,1,1,3
BRDA:59,2,0,2
BRDA:59,2,1,2
BRDA:83,3,0,1
BRDA:83,3,1,0
BRDA:97,4,0,0
BRDA:97,4,1,0
BRDA:113,5,0,0
BRDA:113,5,1,0
BRDA:113,5,2,0
BRDA:132,6,0,0
BRDA:132,6,1,0
BRF:15
BRH:5
end_of_record
TN:
SF:C:\Users\Qwinix\Documents\arun-alexa-skill\lambda\custom\languageStrings.js
FNF:0
FNH:0
DA:8,1
LF:1
LH:1
BRF:0
BRH:0
end_of_record
TN:
SF:C:\Users\Qwinix\Documents\arun-alexa-skill\lambda\custom\local-debugger.js
FN:39,(anonymous_0)
FN:52,(anonymous_1)
FN:54,(anonymous_2)
FN:57,(anonymous_3)
FN:70,getAndValidatePortNumber
FN:90,getLambdaHandlerName
FN:100,getAndValidateSkillInvokerFile
FN:114,getArgument
FNF:8
FNH:0
FNDA:0,(anonymous_0)
FNDA:0,(anonymous_1)
FNDA:0,(anonymous_2)
FNDA:0,(anonymous_3)
FNDA:0,getAndValidatePortNumber
FNDA:0,getLambdaHandlerName
FNDA:0,getAndValidateSkillInvokerFile
FNDA:0,getArgument
DA:14,0
DA:15,0
DA:17,0
DA:19,0
DA:20,0
DA:21,0
DA:22,0
DA:23,0
DA:31,0
DA:32,0
DA:33,0
DA:39,0
DA:40,0
DA:52,0
DA:53,0
DA:54,0
DA:55,0
DA:56,0
DA:57,0
DA:58,0
DA:59,0
DA:60,0
DA:71,0
DA:72,0
DA:73,0
DA:75,0
DA:76,0
DA:78,0
DA:79,0
DA:82,0
DA:91,0
DA:101,0
DA:102,0
DA:103,0
DA:105,0
DA:115,0
DA:116,0
DA:117,0
DA:118,0
DA:120,0
DA:123,0
LF:41
LH:0
BRDA:72,0,0,0
BRDA:72,0,1,0
BRDA:75,1,0,0
BRDA:75,1,1,0
BRDA:75,2,0,0
BRDA:75,2,1,0
BRDA:78,3,0,0
BRDA:78,3,1,0
BRDA:102,4,0,0
BRDA:102,4,1,0
BRDA:116,5,0,0
BRDA:116,5,1,0
BRDA:116,6,0,0
BRDA:116,6,1,0
BRDA:117,7,0,0
BRDA:117,7,1,0
BRF:16
BRH:0
end_of_record
TN:
SF:C:\Users\Qwinix\Documents\arun-alexa-skill\lambda\custom\util.js
FN:7,getS3PreSignedUrl
FNF:1
FNH:0
FNDA:0,getS3PreSignedUrl
DA:1,0
DA:3,0
DA:7,0
DA:9,0
DA:10,0
DA:15,0
DA:16,0
LF:7
LH:0
BRF:0
BRH:0
end_of_record
