TN:
SF:C:\Users\Qwinix\Documents\arun-alexa-skill\lambda\custom\index.js
FN:13,(anonymous_0)
FN:16,(anonymous_1)
FN:27,(anonymous_2)
FN:31,(anonymous_3)
FN:41,(anonymous_4)
FN:44,(anonymous_5)
FN:54,(anonymous_6)
FN:57,(anonymous_7)
FN:75,(anonymous_8)
FN:79,(anonymous_9)
FN:90,(anonymous_10)
FN:95,(anonymous_11)
FN:109,(anonymous_12)
FN:113,(anonymous_13)
FN:128,(anonymous_14)
FN:131,(anonymous_15)
FN:143,(anonymous_16)
FN:146,(anonymous_17)
FN:162,(anonymous_18)
FN:165,(anonymous_19)
FN:178,(anonymous_20)
FN:182,(anonymous_21)
FN:183,(anonymous_22)
FNF:23
FNH:9
FNDA:3,(anonymous_0)
FNDA:1,(anonymous_1)
FNDA:0,(anonymous_2)
FNDA:0,(anonymous_3)
FNDA:2,(anonymous_4)
FNDA:1,(anonymous_5)
FNDA:1,(anonymous_6)
FNDA:1,(anonymous_7)
FNDA:0,(anonymous_8)
FNDA:0,(anonymous_9)
FNDA:0,(anonymous_10)
FNDA:0,(anonymous_11)
FNDA:0,(anonymous_12)
FNDA:0,(anonymous_13)
FNDA:0,(anonymous_14)
FNDA:0,(anonymous_15)
FNDA:0,(anonymous_16)
FNDA:0,(anonymous_17)
FNDA:0,(anonymous_18)
FNDA:0,(anonymous_19)
FNDA:3,(anonymous_20)
FNDA:3,(anonymous_21)
FNDA:2,(anonymous_22)
DA:6,1
DA:8,1
DA:10,1
DA:12,1
DA:14,3
DA:17,1
DA:19,1
DA:26,1
DA:28,0
DA:32,0
DA:34,0
DA:40,1
DA:42,2
DA:45,1
DA:46,1
DA:52,1
DA:55,1
DA:58,1
DA:59,1
DA:60,1
DA:61,1
DA:65,1
DA:66,1
DA:74,1
DA:76,0
DA:80,0
DA:82,0
DA:89,1
DA:91,0
DA:96,0
DA:98,0
DA:108,1
DA:110,0
DA:114,0
DA:116,0
DA:127,1
DA:129,0
DA:132,0
DA:134,0
DA:142,1
DA:144,0
DA:147,0
DA:148,0
DA:150,0
DA:161,1
DA:163,0
DA:166,0
DA:167,0
DA:169,0
DA:177,1
DA:179,3
DA:183,3
DA:192,1
LF:53
LH:30
BRDA:28,0,0,0
BRDA:28,0,1,0
BRDA:76,1,0,0
BRDA:76,1,1,0
BRDA:91,2,0,0
BRDA:91,2,1,0
BRDA:91,2,2,0
BRDA:110,3,0,0
BRDA:110,3,1,0
BRF:9
BRH:0
end_of_record
TN:
SF:C:\Users\Qwinix\Documents\arun-alexa-skill\lambda\custom\languageStrings.js
FNF:0
FNH:0
DA:8,1
LF:1
LH:1
BRF:0
BRH:0
end_of_record
TN:
SF:C:\Users\Qwinix\Documents\arun-alexa-skill\lambda\custom\local-debugger.js
FN:39,(anonymous_0)
FN:52,(anonymous_1)
FN:54,(anonymous_2)
FN:57,(anonymous_3)
FN:70,getAndValidatePortNumber
FN:90,getLambdaHandlerName
FN:100,getAndValidateSkillInvokerFile
FN:114,getArgument
FNF:8
FNH:0
FNDA:0,(anonymous_0)
FNDA:0,(anonymous_1)
FNDA:0,(anonymous_2)
FNDA:0,(anonymous_3)
FNDA:0,getAndValidatePortNumber
FNDA:0,getLambdaHandlerName
FNDA:0,getAndValidateSkillInvokerFile
FNDA:0,getArgument
DA:14,0
DA:15,0
DA:17,0
DA:19,0
DA:20,0
DA:21,0
DA:22,0
DA:23,0
DA:31,0
DA:32,0
DA:33,0
DA:39,0
DA:40,0
DA:52,0
DA:53,0
DA:54,0
DA:55,0
DA:56,0
DA:57,0
DA:58,0
DA:59,0
DA:60,0
DA:71,0
DA:72,0
DA:73,0
DA:75,0
DA:76,0
DA:78,0
DA:79,0
DA:82,0
DA:91,0
DA:101,0
DA:102,0
DA:103,0
DA:105,0
DA:115,0
DA:116,0
DA:117,0
DA:118,0
DA:120,0
DA:123,0
LF:41
LH:0
BRDA:72,0,0,0
BRDA:72,0,1,0
BRDA:75,1,0,0
BRDA:75,1,1,0
BRDA:75,2,0,0
BRDA:75,2,1,0
BRDA:78,3,0,0
BRDA:78,3,1,0
BRDA:102,4,0,0
BRDA:102,4,1,0
BRDA:116,5,0,0
BRDA:116,5,1,0
BRDA:116,6,0,0
BRDA:116,6,1,0
BRDA:117,7,0,0
BRDA:117,7,1,0
BRF:16
BRH:0
end_of_record
TN:
SF:C:\Users\Qwinix\Documents\arun-alexa-skill\lambda\custom\util.js
FN:7,getS3PreSignedUrl
FNF:1
FNH:0
FNDA:0,getS3PreSignedUrl
DA:1,0
DA:3,0
DA:7,0
DA:9,0
DA:10,0
DA:15,0
DA:16,0
LF:7
LH:0
BRF:0
BRH:0
end_of_record
